2021-07-23 13:18:01 [INFO] --- [background-preinit] org.hibernate.validator.internal.util.Version [21]  :    HV000001: Hibernate Validator 6.1.6.Final
2021-07-23 13:18:01 [INFO] --- [main] com._4paradim.hsbc.ocr.server.manager.OcrResultItemTest [55]  :    Starting OcrResultItemTest on MacBook-Pro-2.local with PID 88469 (started by wujian in /Users/wujian/IdeaProjects/hsbc-ocr-real-predictor)
2021-07-23 13:18:01 [INFO] --- [main] com._4paradim.hsbc.ocr.server.manager.OcrResultItemTest [655]  :    The following profiles are active: dev
2021-07-23 13:18:04 [INFO] --- [main] com.ulisesbocchio.jasyptspringboot.configuration.EnableEncryptablePropertiesBeanFactoryPostProcessor [39]  :    Post-processing PropertySource instances
2021-07-23 13:18:05 [INFO] --- [main] com.ulisesbocchio.jasyptspringboot.EncryptablePropertySourceConverter [56]  :    Converting PropertySource configurationProperties [org.springframework.boot.context.properties.source.ConfigurationPropertySourcesPropertySource] to AOP Proxy
2021-07-23 13:18:05 [INFO] --- [main] com.ulisesbocchio.jasyptspringboot.EncryptablePropertySourceConverter [56]  :    Converting PropertySource Inlined Test Properties [org.springframework.core.env.MapPropertySource] to EncryptableMapPropertySourceWrapper
2021-07-23 13:18:05 [INFO] --- [main] com.ulisesbocchio.jasyptspringboot.EncryptablePropertySourceConverter [56]  :    Converting PropertySource systemProperties [org.springframework.core.env.PropertiesPropertySource] to EncryptableMapPropertySourceWrapper
2021-07-23 13:18:05 [INFO] --- [main] com.ulisesbocchio.jasyptspringboot.EncryptablePropertySourceConverter [56]  :    Converting PropertySource systemEnvironment [org.springframework.boot.env.SystemEnvironmentPropertySourceEnvironmentPostProcessor$OriginAwareSystemEnvironmentPropertySource] to EncryptableSystemEnvironmentPropertySourceWrapper
2021-07-23 13:18:05 [INFO] --- [main] com.ulisesbocchio.jasyptspringboot.EncryptablePropertySourceConverter [56]  :    Converting PropertySource random [org.springframework.boot.env.RandomValuePropertySource] to EncryptablePropertySourceWrapper
2021-07-23 13:18:05 [INFO] --- [main] com.ulisesbocchio.jasyptspringboot.EncryptablePropertySourceConverter [56]  :    Converting PropertySource applicationConfig: [classpath:/application-dev.yaml] [org.springframework.boot.env.OriginTrackedMapPropertySource] to EncryptableMapPropertySourceWrapper
2021-07-23 13:18:05 [INFO] --- [main] com.ulisesbocchio.jasyptspringboot.EncryptablePropertySourceConverter [56]  :    Converting PropertySource applicationConfig: [classpath:/application.yaml] [org.springframework.boot.env.OriginTrackedMapPropertySource] to EncryptableMapPropertySourceWrapper
2021-07-23 13:18:05 [INFO] --- [main] com.ulisesbocchio.jasyptspringboot.EncryptablePropertySourceConverter [56]  :    Converting PropertySource class path resource [application.properties] [org.springframework.core.io.support.ResourcePropertySource] to EncryptableMapPropertySourceWrapper
2021-07-23 13:18:05 [INFO] --- [main] com.ulisesbocchio.jasyptspringboot.filter.DefaultLazyPropertyFilter [31]  :    Property Filter custom Bean not found with name 'encryptablePropertyFilter'. Initializing Default Property Filter
2021-07-23 13:18:06 [INFO] --- [main] com.ulisesbocchio.jasyptspringboot.resolver.DefaultLazyPropertyResolver [35]  :    Property Resolver custom Bean not found with name 'encryptablePropertyResolver'. Initializing Default Property Resolver
2021-07-23 13:18:06 [INFO] --- [main] com.ulisesbocchio.jasyptspringboot.detector.DefaultLazyPropertyDetector [35]  :    Property Detector custom Bean not found with name 'encryptablePropertyDetector'. Initializing Default Property Detector
2021-07-23 13:18:06 [INFO] --- [main] com.ulisesbocchio.jasyptspringboot.encryptor.DefaultLazyEncryptor [32]  :    Found Custom Encryptor Bean org.jasypt.encryption.pbe.PooledPBEStringEncryptor@ed91d8d with name: jasyptStringEncryptor
2021-07-23 13:18:09 [INFO] --- [main] org.reflections.Reflections [232]  :    Reflections took 110 ms to scan 2 urls, producing 39 keys and 96 values 
2021-07-23 13:18:09 [INFO] --- [main] com._4paradim.hsbc.ocr.server.common.http.RetrofitCluster [72]  :    create service :com._4paradim.hsbc.ocr.server.api.service.BusinessSocrService
2021-07-23 13:18:09 [INFO] --- [main] com._4paradim.hsbc.ocr.server.common.http.RetrofitCluster [52]  :    register svc: BusinessSocrService to spring context 
2021-07-23 13:18:09 [INFO] --- [main] com._4paradim.hsbc.ocr.server.common.http.RetrofitCluster [72]  :    create service :com._4paradim.hsbc.ocr.server.api.service.VATSocrService
2021-07-23 13:18:09 [INFO] --- [main] com._4paradim.hsbc.ocr.server.common.http.RetrofitCluster [52]  :    register svc: VATSocrService to spring context 
2021-07-23 13:18:09 [INFO] --- [main] com._4paradim.hsbc.ocr.server.common.http.RetrofitCluster [72]  :    create service :com._4paradim.hsbc.ocr.server.api.service.IDCardSocrService
2021-07-23 13:18:09 [INFO] --- [main] com._4paradim.hsbc.ocr.server.common.http.RetrofitCluster [52]  :    register svc: IDCardSocrService to spring context 
2021-07-23 13:18:12 [INFO] --- [main] org.springframework.boot.actuate.endpoint.web.EndpointLinksResolver [58]  :    Exposing 2 endpoint(s) beneath base path '/actuator'
2021-07-23 13:18:12 [INFO] --- [main] com._4paradim.hsbc.ocr.server.manager.OcrResultItemTest [61]  :    Started OcrResultItemTest in 11.226 seconds (JVM running for 13.781)
